[15/4/2026, 2:01:01 pm] User validation failed: name: Path `name` is required., belt_number: Path `belt_number` is required., battalion_name: Path `battalion_name` is required., company: Path `company` is required., email: Path `email` is required., password: Path `password` is required. at model.validate (/Users/sunitaqsunita/development/RAC/rac_server/node_modules/mongoose/lib/document.js:2864:36)
[16/4/2026, 11:40:13 am] Unexpected field at wrappedFileFilter (/Users/sunitaqsunita/development/RAC/rac_server/node_modules/multer/index.js:41:19)
[16/4/2026, 12:04:39 pm] Unexpected field at wrappedFileFilter (/Users/sunitaqsunita/development/RAC/rac_server/node_modules/multer/index.js:41:19)
[16/4/2026, 12:04:44 pm] Unexpected field at wrappedFileFilter (/Users/sunitaqsunita/development/RAC/rac_server/node_modules/multer/index.js:41:19)
[16/4/2026, 12:07:51 pm] Unexpected field at wrappedFileFilter (/Users/sunitaqsunita/development/RAC/rac_server/node_modules/multer/index.js:41:19)
[16/4/2026, 12:11:13 pm] Unexpected field at wrappedFileFilter (/Users/sunitaqsunita/development/RAC/rac_server/node_modules/multer/index.js:41:19)
[16/4/2026, 12:11:37 pm] Unexpected field at wrappedFileFilter (/Users/sunitaqsunita/development/RAC/rac_server/node_modules/multer/index.js:41:19)
[16/4/2026, 12:12:12 pm] Unexpected field at wrappedFileFilter (/Users/sunitaqsunita/development/RAC/rac_server/node_modules/multer/index.js:41:19)
[16/4/2026, 12:12:19 pm] Unexpected field at wrappedFileFilter (/Users/sunitaqsunita/development/RAC/rac_server/node_modules/multer/index.js:41:19)
[16/4/2026, 12:12:37 pm] Unexpected field at wrappedFileFilter (/Users/sunitaqsunita/development/RAC/rac_server/node_modules/multer/index.js:41:19)
[16/4/2026, 12:12:37 pm] Unexpected field at wrappedFileFilter (/Users/sunitaqsunita/development/RAC/rac_server/node_modules/multer/index.js:41:19)
[16/4/2026, 12:16:08 pm] Unexpected field at wrappedFileFilter (/Users/sunitaqsunita/development/RAC/rac_server/node_modules/multer/index.js:41:19)
[16/4/2026, 12:17:09 pm] Unexpected field at wrappedFileFilter (/Users/sunitaqsunita/development/RAC/rac_server/node_modules/multer/index.js:41:19)
[16/4/2026, 12:20:21 pm] Unexpected field at wrappedFileFilter (/Users/sunitaqsunita/development/RAC/rac_server/node_modules/multer/index.js:41:19)
[16/4/2026, 12:45:03 pm] Unexpected field at wrappedFileFilter (/Users/sunitaqsunita/development/RAC/rac_server/node_modules/multer/index.js:41:19)
[16/4/2026, 12:47:31 pm] Unexpected field at wrappedFileFilter (/Users/sunitaqsunita/development/RAC/rac_server/node_modules/multer/index.js:41:19)
[16/4/2026, 12:48:36 pm] Unexpected field at wrappedFileFilter (/Users/sunitaqsunita/development/RAC/rac_server/node_modules/multer/index.js:41:19)
[16/4/2026, 12:49:53 pm] Unexpected field at wrappedFileFilter (/Users/sunitaqsunita/development/RAC/rac_server/node_modules/multer/index.js:41:19)
[16/4/2026, 12:50:47 pm] Unexpected field at wrappedFileFilter (/Users/sunitaqsunita/development/RAC/rac_server/node_modules/multer/index.js:41:19)
[16/4/2026, 12:52:30 pm] Unexpected field at wrappedFileFilter (/Users/sunitaqsunita/development/RAC/rac_server/node_modules/multer/index.js:41:19)
[16/4/2026, 12:54:19 pm] Unexpected field at wrappedFileFilter (/Users/sunitaqsunita/development/RAC/rac_server/node_modules/multer/index.js:41:19)
[16/4/2026, 12:58:05 pm] Unexpected field at wrappedFileFilter (/Users/sunitaqsunita/development/RAC/rac_server/node_modules/multer/index.js:41:19)
[16/4/2026, 12:58:16 pm] Unexpected field at wrappedFileFilter (/Users/sunitaqsunita/development/RAC/rac_server/node_modules/multer/index.js:41:19)
[16/4/2026, 12:58:47 pm] Unexpected field at wrappedFileFilter (/Users/sunitaqsunita/development/RAC/rac_server/node_modules/multer/index.js:41:19)
[16/4/2026, 12:59:47 pm] Unexpected field at wrappedFileFilter (/Users/sunitaqsunita/development/RAC/rac_server/node_modules/multer/index.js:41:19)
[16/4/2026, 12:59:57 pm] Unexpected field at wrappedFileFilter (/Users/sunitaqsunita/development/RAC/rac_server/node_modules/multer/index.js:41:19)
[16/4/2026, 12:59:59 pm] Unexpected field at wrappedFileFilter (/Users/sunitaqsunita/development/RAC/rac_server/node_modules/multer/index.js:41:19)
[16/4/2026, 1:02:18 pm] Unexpected field at wrappedFileFilter (/Users/sunitaqsunita/development/RAC/rac_server/node_modules/multer/index.js:41:19)
[16/4/2026, 1:05:07 pm] Unexpected field at wrappedFileFilter (/Users/sunitaqsunita/development/RAC/rac_server/node_modules/multer/index.js:41:19)
[16/4/2026, 1:12:27 pm] Unexpected field at wrappedFileFilter (/Users/sunitaqsunita/development/RAC/rac_server/node_modules/multer/index.js:41:19)
[16/4/2026, 1:13:54 pm] Unexpected field at wrappedFileFilter (/Users/sunitaqsunita/development/RAC/rac_server/node_modules/multer/index.js:41:19)
[16/4/2026, 1:21:40 pm] Unexpected field at wrappedFileFilter (/Users/sunitaqsunita/development/RAC/rac_server/node_modules/multer/index.js:41:19)
[16/4/2026, 1:22:16 pm] Unexpected field at wrappedFileFilter (/Users/sunitaqsunita/development/RAC/rac_server/node_modules/multer/index.js:41:19)
[16/4/2026, 1:22:39 pm] Unexpected field at wrappedFileFilter (/Users/sunitaqsunita/development/RAC/rac_server/node_modules/multer/index.js:41:19)
[16/4/2026, 1:23:45 pm] Unexpected field at wrappedFileFilter (/Users/sunitaqsunita/development/RAC/rac_server/node_modules/multer/index.js:41:19)
[16/4/2026, 2:06:30 pm] Unexpected field at wrappedFileFilter (/Users/sunitaqsunita/development/RAC/rac_server/node_modules/multer/index.js:41:19)
[16/4/2026, 2:10:08 pm] Unexpected field at wrappedFileFilter (/Users/sunitaqsunita/development/RAC/rac_server/node_modules/multer/index.js:41:19)
[16/4/2026, 2:10:10 pm] Unexpected field at wrappedFileFilter (/Users/sunitaqsunita/development/RAC/rac_server/node_modules/multer/index.js:41:19)
[16/4/2026, 2:10:28 pm] Unexpected field at wrappedFileFilter (/Users/sunitaqsunita/development/RAC/rac_server/node_modules/multer/index.js:41:19)
[16/4/2026, 2:12:46 pm] Unexpected field at wrappedFileFilter (/Users/sunitaqsunita/development/RAC/rac_server/node_modules/multer/index.js:41:19)
[16/4/2026, 2:13:04 pm] Unexpected field at wrappedFileFilter (/Users/sunitaqsunita/development/RAC/rac_server/node_modules/multer/index.js:41:19)
[16/4/2026, 2:14:16 pm] VcApply validation failed: reason: Path `reason` is required., officerName: Path `officerName` is required. at model.validate (/Users/sunitaqsunita/development/RAC/rac_server/node_modules/mongoose/lib/document.js:2864:36)
[16/4/2026, 2:14:39 pm] Unexpected field at wrappedFileFilter (/Users/sunitaqsunita/development/RAC/rac_server/node_modules/multer/index.js:41:19)
[16/4/2026, 2:34:02 pm] Unexpected field at wrappedFileFilter (/Users/sunitaqsunita/development/RAC/rac_server/node_modules/multer/index.js:41:19)
[16/4/2026, 3:32:50 pm] getaddrinfo ENOTFOUND ac-cu7xj3y-shard-00-01.lkrlvrn.mongodb.net at Topology.selectServer (/Users/sunitaqsunita/development/RAC/rac_server/node_modules/mongodb/lib/sdam/topology.js:347:38)
[16/4/2026, 3:32:50 pm] getaddrinfo ENOTFOUND ac-cu7xj3y-shard-00-01.lkrlvrn.mongodb.net at Topology.selectServer (/Users/sunitaqsunita/development/RAC/rac_server/node_modules/mongodb/lib/sdam/topology.js:347:38)
[16/4/2026, 3:33:36 pm] getaddrinfo ENOTFOUND ac-cu7xj3y-shard-00-01.lkrlvrn.mongodb.net at Topology.selectServer (/Users/sunitaqsunita/development/RAC/rac_server/node_modules/mongodb/lib/sdam/topology.js:347:38)
[16/4/2026, 4:05:46 pm] Cast to ObjectId failed for value "69df33d6a430a9465bbe62fcd" (type string) at path "userId" for model "VcApply" at SchemaObjectId.cast (/Users/sunitaqsunita/development/RAC/rac_server/node_modules/mongoose/lib/schema/objectId.js:252:11)
[16/4/2026, 4:05:57 pm] Cast to ObjectId failed for value "69df33d6a430a9465bbe62fcooo" (type string) at path "userId" for model "VcApply" at SchemaObjectId.cast (/Users/sunitaqsunita/development/RAC/rac_server/node_modules/mongoose/lib/schema/objectId.js:252:11)
[1/5/2026, 12:44:42 pm] Payment validation failed: id: Path `id` is required. at model.validate (/Users/sunitaqsunita/development/payment_manager/node_modules/mongoose/lib/document.js:2864:36)
[5/5/2026, 10:49:29 am] Assignment to constant variable. at updateMatchURL (file:///Users/sunitaqsunita/development/nodejs_project/cricket_server/services/liveMatchService.mjs:12:7)
[5/5/2026, 4:01:40 pm] Payment validation failed: id: Path `id` is required. at model.validate (/Users/sunitaqsunita/development/nodejs_project/cricket_server/node_modules/mongoose/lib/document.js:2864:36)
[5/5/2026, 4:02:49 pm] Expected double-quoted property name in JSON at position 41 (line 5 column 1) at JSON.parse (<anonymous>)[18/5/2026, 12:29:00 pm] Cannot destructure property 'id' of 'undefined' as it is undefined. at Module.createSocialMediaPost (file:///Users/sunitaqsunita/development/python/pdf_filter/services/socialMediaPost.service.mjs:7:3)
[24/5/2026, 7:18:09 pm] Invalid input at Sharp (/Users/sunitaqsunita/aws/scrb/scrb_server/node_modules/sharp/lib/constructor.js:214:11)
[24/5/2026, 7:18:15 pm] Invalid input at Sharp (/Users/sunitaqsunita/aws/scrb/scrb_server/node_modules/sharp/lib/constructor.js:214:11)
